[INFO] Scanning for projects...
[INFO] 
[INFO] ------------------------< com.typeahead:search >------------------------
[INFO] Building search 0.0.1-SNAPSHOT
[INFO]   from pom.xml
[INFO] --------------------------------[ jar ]---------------------------------
[INFO] 
[INFO] --- clean:3.3.2:clean (default-clean) @ search ---
[INFO] Deleting C:\Users\nanda\Desktop\HLD\Implementations\TypeAhead_Assignment\search-typeahead\backend\target
[INFO] 
[INFO] --- resources:3.3.1:resources (default-resources) @ search ---
[INFO] Copying 1 resource from src\main\resources to target\classes
[INFO] Copying 1 resource from src\main\resources to target\classes
[INFO] 
[INFO] --- compiler:3.11.0:compile (default-compile) @ search ---
[INFO] Changes detected - recompiling the module! :source
[INFO] Compiling 4 source files with javac [debug release 17] to target\classes
[INFO] -------------------------------------------------------------
[ERROR] COMPILATION ERROR : 
[INFO] -------------------------------------------------------------
[ERROR] /C:/Users/nanda/Desktop/HLD/Implementations/TypeAhead_Assignment/search-typeahead/backend/src/main/java/com/typeahead/search/service/DatasetLoader.java:[55,17] cannot find symbol
  symbol:   method processLine(java.lang.String,java.lang.String)
  location: class com.typeahead.search.service.DatasetLoader
[INFO] 1 error
[INFO] -------------------------------------------------------------
[INFO] ------------------------------------------------------------------------
[INFO] BUILD FAILURE
[INFO] ------------------------------------------------------------------------
[INFO] Total time:  3.661 s
[INFO] Finished at: 2026-06-20T12:48:57+05:30
[INFO] ------------------------------------------------------------------------
[ERROR] Failed to execute goal org.apache.maven.plugins:maven-compiler-plugin:3.11.0:compile (default-compile) on project search: Compilation failure
[ERROR] /C:/Users/nanda/Desktop/HLD/Implementations/TypeAhead_Assignment/search-typeahead/backend/src/main/java/com/typeahead/search/service/DatasetLoader.java:[55,17] cannot find symbol
[ERROR]   symbol:   method processLine(java.lang.String,java.lang.String)
[ERROR]   location: class com.typeahead.search.service.DatasetLoader
[ERROR] -> [Help 1]
[ERROR] 
[ERROR] To see the full stack trace of the errors, re-run Maven with the -e switch.
[ERROR] Re-run Maven using the -X switch to enable full debug logging.
[ERROR] 
[ERROR] For more information about the errors and possible solutions, please read the following articles:
[ERROR] [Help 1] http://cwiki.apache.org/confluence/display/MAVEN/MojoFailureException
